{"contracts/AggregatorV3Interface.sol":{"l":{},"path":"/mnt/c/Users/abhijeet/OneDrive/Crypto Casino Game/contracts/AggregatorV3Interface.sol","s":{},"b":{},"f":{},"fnMap":{},"statementMap":{},"branchMap":{}},"contracts/NFTFloorPriceConsumerV3.sol":{"l":{"10":0,"14":0,"22":0},"path":"/mnt/c/Users/abhijeet/OneDrive/Crypto Casino Game/contracts/NFTFloorPriceConsumerV3.sol","s":{"1":0,"2":0},"b":{},"f":{"1":0,"2":0},"fnMap":{"1":{"name":"constructor","line":9,"loc":{"start":{"line":9,"column":4},"end":{"line":11,"column":4}}},"2":{"name":"getLatestPrice","line":13,"loc":{"start":{"line":13,"column":4},"end":{"line":23,"column":4}}}},"statementMap":{"1":{"start":{"line":14,"column":8},"end":{"line":14,"column":462}},"2":{"start":{"line":22,"column":8},"end":{"line":22,"column":74}}},"branchMap":{}},"contracts/solidityfile6.sol":{"l":{"26":0,"30":0,"31":0,"32":0,"34":0,"38":0,"39":0,"40":0,"41":0,"43":0,"47":0,"48":0,"49":0,"51":0,"59":0,"60":0,"61":0,"64":0,"66":0,"67":0,"68":0,"75":0,"76":0,"77":0,"78":0,"80":0,"81":0,"82":0},"path":"/mnt/c/Users/abhijeet/OneDrive/Crypto Casino Game/contracts/solidityfile6.sol","s":{"1":0,"2":0,"3":0,"4":0,"5":0,"6":0,"7":0,"8":0,"9":0,"10":0,"11":0,"12":0,"13":0,"14":0,"15":0,"16":0,"17":0,"18":0},"b":{"1":[0,0],"2":[0,0],"3":[0,0],"4":[0,0],"5":[0,0],"6":[0,0],"7":[0,0],"8":[0,0],"9":[0,0]},"f":{"1":0,"2":0,"3":0,"4":0,"5":0,"6":0},"fnMap":{"1":{"name":"constructor","line":25,"loc":{"start":{"line":25,"column":4},"end":{"line":27,"column":4}}},"2":{"name":"notStaked","line":29,"loc":{"start":{"line":29,"column":4},"end":{"line":35,"column":4}}},"3":{"name":"isOwner","line":37,"loc":{"start":{"line":37,"column":4},"end":{"line":44,"column":4}}},"4":{"name":"nftStaked","line":46,"loc":{"start":{"line":46,"column":4},"end":{"line":52,"column":4}}},"5":{"name":"stake","line":57,"loc":{"start":{"line":54,"column":4},"end":{"line":69,"column":4}}},"6":{"name":"transferNFT","line":73,"loc":{"start":{"line":71,"column":4},"end":{"line":83,"column":4}}}},"statementMap":{"1":{"start":{"line":30,"column":8},"end":{"line":30,"column":63}},"2":{"start":{"line":31,"column":8},"end":{"line":31,"column":1087}},"3":{"start":{"line":38,"column":8},"end":{"line":38,"column":41}},"4":{"start":{"line":39,"column":8},"end":{"line":39,"column":44}},"5":{"start":{"line":40,"column":8},"end":{"line":40,"column":1357}},"6":{"start":{"line":47,"column":8},"end":{"line":47,"column":63}},"7":{"start":{"line":48,"column":8},"end":{"line":48,"column":1578}},"8":{"start":{"line":59,"column":8},"end":{"line":59,"column":41}},"9":{"start":{"line":60,"column":8},"end":{"line":60,"column":1897}},"10":{"start":{"line":64,"column":8},"end":{"line":64,"column":73}},"11":{"start":{"line":66,"column":8},"end":{"line":66,"column":51}},"12":{"start":{"line":68,"column":8},"end":{"line":68,"column":68}},"13":{"start":{"line":75,"column":8},"end":{"line":75,"column":41}},"14":{"start":{"line":76,"column":8},"end":{"line":76,"column":63}},"15":{"start":{"line":77,"column":8},"end":{"line":77,"column":85}},"16":{"start":{"line":78,"column":8},"end":{"line":78,"column":76}},"17":{"start":{"line":80,"column":8},"end":{"line":80,"column":62}},"18":{"start":{"line":82,"column":8},"end":{"line":82,"column":75}}},"branchMap":{"1":{"line":31,"type":"if","locations":[{"start":{"line":31,"column":8},"end":{"line":31,"column":8}},{"start":{"line":31,"column":8},"end":{"line":31,"column":8}}]},"2":{"line":40,"type":"if","locations":[{"start":{"line":40,"column":8},"end":{"line":40,"column":8}},{"start":{"line":40,"column":8},"end":{"line":40,"column":8}}]},"3":{"line":48,"type":"if","locations":[{"start":{"line":48,"column":8},"end":{"line":48,"column":8}},{"start":{"line":48,"column":8},"end":{"line":48,"column":8}}]},"4":{"line":56,"type":"if","locations":[{"start":{"line":56,"column":8},"end":{"line":56,"column":8}},{"start":{"line":56,"column":8},"end":{"line":56,"column":8}}]},"5":{"line":57,"type":"if","locations":[{"start":{"line":57,"column":8},"end":{"line":57,"column":8}},{"start":{"line":57,"column":8},"end":{"line":57,"column":8}}]},"6":{"line":60,"type":"if","locations":[{"start":{"line":60,"column":8},"end":{"line":60,"column":8}},{"start":{"line":60,"column":8},"end":{"line":60,"column":8}}]},"7":{"line":73,"type":"if","locations":[{"start":{"line":73,"column":8},"end":{"line":73,"column":8}},{"start":{"line":73,"column":8},"end":{"line":73,"column":8}}]},"8":{"line":77,"type":"if","locations":[{"start":{"line":77,"column":8},"end":{"line":77,"column":8}},{"start":{"line":77,"column":8},"end":{"line":77,"column":8}}]},"9":{"line":78,"type":"if","locations":[{"start":{"line":78,"column":8},"end":{"line":78,"column":8}},{"start":{"line":78,"column":8},"end":{"line":78,"column":8}}]}}}}